<?xml version="1.0" encoding="UTF-8"?>
<!-- Generated by org.testng.reporters.JUnitXMLReporter -->
<testsuite hostname="Namish" ignored="0" name="Test" tests="2" failures="1" timestamp="2020-09-06T20:16:08 IST" time="53.818" errors="0">
  <testcase name="Setup" time="12.252" classname="com.corona.tracher.BaseClass"/>
  <testcase name="getDataFromDB" time="15.665" classname="com.corona.tracher.BaseClass">
    <failure type="java.lang.NullPointerException">
      <![CDATA[java.lang.NullPointerException
at com.corona.tracher.DBConnection.getDeatailsFromDB(DBConnection.java:32)
at com.corona.tracher.BaseClass.getDataFromDB(BaseClass.java:81)
at java.util.ArrayList.forEach(ArrayList.java:1257)
... Removed 27 stack frames]]>
    </failure>
  </testcase> <!-- getDataFromDB -->
</testsuite> <!-- Test -->
