<?xml version="1.0" encoding="UTF-8"?>
<testng-results skipped="0" failed="1" ignored="0" total="2" passed="1">
  <reporter-output>
  </reporter-output>
  <suite name="Suite" duration-ms="53818" started-at="2020-09-06T20:15:14 IST" finished-at="2020-09-06T20:16:08 IST">
    <groups>
    </groups>
    <test name="Test" duration-ms="53818" started-at="2020-09-06T20:15:14 IST" finished-at="2020-09-06T20:16:08 IST">
      <class name="com.corona.tracher.BaseClass">
        <test-method status="PASS" signature="setupTest()[pri:0, instance:com.corona.tracher.BaseClass@614ddd49]" name="setupTest" is-config="true" duration-ms="21322" started-at="2020-09-06T20:15:14 IST" finished-at="2020-09-06T20:15:36 IST">
          <reporter-output>
          </reporter-output>
        </test-method> <!-- setupTest -->
        <test-method status="PASS" signature="Setup()[pri:0, instance:com.corona.tracher.BaseClass@614ddd49]" name="Setup" duration-ms="12252" started-at="2020-09-06T20:15:36 IST" finished-at="2020-09-06T20:15:48 IST">
          <reporter-output>
          </reporter-output>
        </test-method> <!-- Setup -->
        <test-method status="FAIL" signature="getDataFromDB()[pri:0, instance:com.corona.tracher.BaseClass@614ddd49]" name="getDataFromDB" duration-ms="15665" started-at="2020-09-06T20:15:48 IST" finished-at="2020-09-06T20:16:04 IST">
          <exception class="java.lang.NullPointerException">
            <full-stacktrace>
              <![CDATA[java.lang.NullPointerException
at com.corona.tracher.DBConnection.getDeatailsFromDB(DBConnection.java:32)
at com.corona.tracher.BaseClass.getDataFromDB(BaseClass.java:81)
at sun.reflect.NativeMethodAccessorImpl.invoke0(Native Method)
at sun.reflect.NativeMethodAccessorImpl.invoke(NativeMethodAccessorImpl.java:62)
at sun.reflect.DelegatingMethodAccessorImpl.invoke(DelegatingMethodAccessorImpl.java:43)
at java.lang.reflect.Method.invoke(Method.java:498)
at org.testng.internal.MethodInvocationHelper.invokeMethod(MethodInvocationHelper.java:134)
at org.testng.internal.TestInvoker.invokeMethod(TestInvoker.java:597)
at org.testng.internal.TestInvoker.invokeTestMethod(TestInvoker.java:173)
at org.testng.internal.MethodRunner.runInSequence(MethodRunner.java:46)
at org.testng.internal.TestInvoker$MethodInvocationAgent.invoke(TestInvoker.java:816)
at org.testng.internal.TestInvoker.invokeTestMethods(TestInvoker.java:146)
at org.testng.internal.TestMethodWorker.invokeTestMethods(TestMethodWorker.java:146)
at org.testng.internal.TestMethodWorker.run(TestMethodWorker.java:128)
at java.util.ArrayList.forEach(ArrayList.java:1257)
at org.testng.TestRunner.privateRun(TestRunner.java:766)
at org.testng.TestRunner.run(TestRunner.java:587)
at org.testng.SuiteRunner.runTest(SuiteRunner.java:384)
at org.testng.SuiteRunner.runSequentially(SuiteRunner.java:378)
at org.testng.SuiteRunner.privateRun(SuiteRunner.java:337)
at org.testng.SuiteRunner.run(SuiteRunner.java:286)
at org.testng.SuiteRunnerWorker.runSuite(SuiteRunnerWorker.java:53)
at org.testng.SuiteRunnerWorker.run(SuiteRunnerWorker.java:96)
at org.testng.TestNG.runSuitesSequentially(TestNG.java:1187)
at org.testng.TestNG.runSuitesLocally(TestNG.java:1109)
at org.testng.TestNG.runSuites(TestNG.java:1039)
at org.testng.TestNG.run(TestNG.java:1007)
at org.testng.remote.AbstractRemoteTestNG.run(AbstractRemoteTestNG.java:115)
at org.testng.remote.RemoteTestNG.initAndRun(RemoteTestNG.java:251)
at org.testng.remote.RemoteTestNG.main(RemoteTestNG.java:77)
]]>
            </full-stacktrace>
          </exception> <!-- java.lang.NullPointerException -->
          <reporter-output>
          </reporter-output>
        </test-method> <!-- getDataFromDB -->
        <test-method status="PASS" signature="tearDown()[pri:0, instance:com.corona.tracher.BaseClass@614ddd49]" name="tearDown" is-config="true" duration-ms="4489" started-at="2020-09-06T20:16:04 IST" finished-at="2020-09-06T20:16:08 IST">
          <reporter-output>
          </reporter-output>
        </test-method> <!-- tearDown -->
      </class> <!-- com.corona.tracher.BaseClass -->
    </test> <!-- Test -->
  </suite> <!-- Suite -->
</testng-results>
